============================= test session starts =============================
platform win32 -- Python 3.14.6, pytest-8.4.2, pluggy-1.6.0 -- C:\Users\abira\AppData\Local\Python\pythoncore-3.14-64\python.exe
cachedir: .pytest_cache
rootdir: D:\IMEI-Provenance-Blockchain-main (2)\IMEI-Provenance-Blockchain-main
plugins: anyio-4.14.2
collecting ... collected 0 items / 1 error

=================================== ERRORS ====================================
_______________ ERROR collecting tests/test_security_matrix.py ________________
ImportError while importing test module 'D:\IMEI-Provenance-Blockchain-main (2)\IMEI-Provenance-Blockchain-main\tests\test_security_matrix.py'.
Hint: make sure your test modules/packages have valid Python names.
Traceback:
C:\Users\abira\AppData\Local\Python\pythoncore-3.14-64\Lib\importlib\__init__.py:88: in import_module
    return _bootstrap._gcd_import(name[level:], package, level)
           ^^^^^^^^^^^^^^^^^^^^^^^^^^^^^^^^^^^^^^^^^^^^^^^^^^^^
tests\test_security_matrix.py:2: in <module>
    from api_gateway.schemas import IMEIVerificationRequest
E   ModuleNotFoundError: No module named 'api_gateway'
- generated xml file: D:\IMEI-Provenance-Blockchain-main (2)\IMEI-Provenance-Blockchain-main\evidence\pytest_results.xml -
=========================== short test summary info ===========================
ERROR tests/test_security_matrix.py
!!!!!!!!!!!!!!!!!!! Interrupted: 1 error during collection !!!!!!!!!!!!!!!!!!!!
============================== 1 error in 0.58s ===============================

