<?xml version="1.0" encoding="utf-8"?><testsuites name="pytest tests"><testsuite name="pytest" errors="0" failures="0" skipped="0" tests="9" time="4.219" timestamp="2026-09-01T20:15:18.739610-06:00" hostname="Abiram"><testcase classname="tests.test_security_matrix" name="test_generated_imei_passes_structural_and_luhn_validation" time="0.003" /><testcase classname="tests.test_security_matrix" name="test_shared_engine_exposes_all_four_authenticity_states" time="0.062" /><testcase classname="tests.test_security_matrix" name="test_real_ecdsa_p256_signature_rejects_modified_payload" time="0.003" /><testcase classname="tests.test_security_matrix" name="test_aes256_gcm_detects_ciphertext_tampering" time="0.002" /><testcase classname="tests.test_security_matrix" name="test_encrypted_offchain_storage_round_trip" time="0.009" /><testcase classname="tests.test_security_matrix" name="test_api_and_shared_engine_return_consistent_genuine_result" time="0.024" /><testcase classname="tests.test_security_matrix" name="test_streaming_path_is_explicitly_labeled_as_simulation" time="0.001" /><testcase classname="tests.test_security_matrix" name="test_api_returns_invalid_state_for_malformed_imei" time="0.015" /><testcase classname="tests.test_security_matrix" name="test_unknown_means_valid_but_not_registered" time="0.008" /></testsuite></testsuites>